2024-07-13 18:52:06 Error: [PDOException] SQLSTATE[42000]: Syntax error or access violation: 1064 You have an error in your SQL syntax; check the manual that corresponds to your MariaDB server version for the right syntax to use near 'FROM `u197821641_edu`.`exam_stats` AS `ExamStat` Inner JOIN `u197821641_edu`....' at line 1
Request URL: /crm/Exams/start/153/1
Stack Trace:
#0 /home/u197821641/domains/practiceboard.in/public_html/lib/Cake/Model/Datasource/DboSource.php(470): PDOStatement->execute(Array)
#1 /home/u197821641/domains/practiceboard.in/public_html/lib/Cake/Model/Datasource/DboSource.php(436): DboSource->_execute('SELECT DISTINCT...', Array)
#2 /home/u197821641/domains/practiceboard.in/public_html/lib/Cake/Model/Datasource/DboSource.php(673): DboSource->execute('SELECT DISTINCT...', Array, Array)
#3 /home/u197821641/domains/practiceboard.in/public_html/lib/Cake/Model/Datasource/DboSource.php(1184): DboSource->fetchAll('SELECT DISTINCT...', Array)
#4 /home/u197821641/domains/practiceboard.in/public_html/lib/Cake/Model/Model.php(3038): DboSource->read(Object(AppModel), Array)
#5 /home/u197821641/domains/practiceboard.in/public_html/lib/Cake/Model/Model.php(3010): Model->_readDataSource('all', Array)
#6 /home/u197821641/domains/practiceboard.in/public_html/app/Model/Exam.php(1258): Model->find('all', Array)
#7 /home/u197821641/domains/practiceboard.in/public_html/app/Controller/ExamsController.php(454): Exam->userSectionSubject('153', 'Exam', '11')
#8 [internal function]: ExamsController->crm_start('153', '1')
#9 /home/u197821641/domains/practiceboard.in/public_html/lib/Cake/Controller/Controller.php(491): ReflectionMethod->invokeArgs(Object(ExamsController), Array)
#10 /home/u197821641/domains/practiceboard.in/public_html/lib/Cake/Routing/Dispatcher.php(193): Controller->invokeAction(Object(CakeRequest))
#11 /home/u197821641/domains/practiceboard.in/public_html/lib/Cake/Routing/Dispatcher.php(167): Dispatcher->_invoke(Object(ExamsController), Object(CakeRequest))
#12 /home/u197821641/domains/practiceboard.in/public_html/app/webroot/index.php(107): Dispatcher->dispatch(Object(CakeRequest), Object(CakeResponse))
#13 {main}
2024-07-13 18:53:24 Error: [PDOException] SQLSTATE[42000]: Syntax error or access violation: 1064 You have an error in your SQL syntax; check the manual that corresponds to your MariaDB server version for the right syntax to use near 'FROM `u197821641_edu`.`exam_stats` AS `ExamStat` Inner JOIN `u197821641_edu`....' at line 1
Request URL: /crm/Exams/start/153/1
Stack Trace:
#0 /home/u197821641/domains/practiceboard.in/public_html/lib/Cake/Model/Datasource/DboSource.php(470): PDOStatement->execute(Array)
#1 /home/u197821641/domains/practiceboard.in/public_html/lib/Cake/Model/Datasource/DboSource.php(436): DboSource->_execute('SELECT DISTINCT...', Array)
#2 /home/u197821641/domains/practiceboard.in/public_html/lib/Cake/Model/Datasource/DboSource.php(673): DboSource->execute('SELECT DISTINCT...', Array, Array)
#3 /home/u197821641/domains/practiceboard.in/public_html/lib/Cake/Model/Datasource/DboSource.php(1184): DboSource->fetchAll('SELECT DISTINCT...', Array)
#4 /home/u197821641/domains/practiceboard.in/public_html/lib/Cake/Model/Model.php(3038): DboSource->read(Object(AppModel), Array)
#5 /home/u197821641/domains/practiceboard.in/public_html/lib/Cake/Model/Model.php(3010): Model->_readDataSource('all', Array)
#6 /home/u197821641/domains/practiceboard.in/public_html/app/Model/Exam.php(1258): Model->find('all', Array)
#7 /home/u197821641/domains/practiceboard.in/public_html/app/Controller/ExamsController.php(454): Exam->userSectionSubject('153', 'Exam', '11')
#8 [internal function]: ExamsController->crm_start('153', '1')
#9 /home/u197821641/domains/practiceboard.in/public_html/lib/Cake/Controller/Controller.php(491): ReflectionMethod->invokeArgs(Object(ExamsController), Array)
#10 /home/u197821641/domains/practiceboard.in/public_html/lib/Cake/Routing/Dispatcher.php(193): Controller->invokeAction(Object(CakeRequest))
#11 /home/u197821641/domains/practiceboard.in/public_html/lib/Cake/Routing/Dispatcher.php(167): Dispatcher->_invoke(Object(ExamsController), Object(CakeRequest))
#12 /home/u197821641/domains/practiceboard.in/public_html/app/webroot/index.php(107): Dispatcher->dispatch(Object(CakeRequest), Object(CakeResponse))
#13 {main}
2024-07-13 18:57:49 Error: [PDOException] SQLSTATE[42000]: Syntax error or access violation: 1064 You have an error in your SQL syntax; check the manual that corresponds to your MariaDB server version for the right syntax to use near 'FROM `u197821641_edu`.`exam_stats` AS `ExamStat` Inner JOIN `u197821641_edu`....' at line 1
Request URL: /crm/Exams/start/153/1
Stack Trace:
#0 /home/u197821641/domains/practiceboard.in/public_html/lib/Cake/Model/Datasource/DboSource.php(470): PDOStatement->execute(Array)
#1 /home/u197821641/domains/practiceboard.in/public_html/lib/Cake/Model/Datasource/DboSource.php(436): DboSource->_execute('SELECT DISTINCT...', Array)
#2 /home/u197821641/domains/practiceboard.in/public_html/lib/Cake/Model/Datasource/DboSource.php(673): DboSource->execute('SELECT DISTINCT...', Array, Array)
#3 /home/u197821641/domains/practiceboard.in/public_html/lib/Cake/Model/Datasource/DboSource.php(1184): DboSource->fetchAll('SELECT DISTINCT...', Array)
#4 /home/u197821641/domains/practiceboard.in/public_html/lib/Cake/Model/Model.php(3038): DboSource->read(Object(AppModel), Array)
#5 /home/u197821641/domains/practiceboard.in/public_html/lib/Cake/Model/Model.php(3010): Model->_readDataSource('all', Array)
#6 /home/u197821641/domains/practiceboard.in/public_html/app/Model/Exam.php(1258): Model->find('all', Array)
#7 /home/u197821641/domains/practiceboard.in/public_html/app/Controller/ExamsController.php(454): Exam->userSectionSubject('153', 'Exam', '11')
#8 [internal function]: ExamsController->crm_start('153', '1')
#9 /home/u197821641/domains/practiceboard.in/public_html/lib/Cake/Controller/Controller.php(491): ReflectionMethod->invokeArgs(Object(ExamsController), Array)
#10 /home/u197821641/domains/practiceboard.in/public_html/lib/Cake/Routing/Dispatcher.php(193): Controller->invokeAction(Object(CakeRequest))
#11 /home/u197821641/domains/practiceboard.in/public_html/lib/Cake/Routing/Dispatcher.php(167): Dispatcher->_invoke(Object(ExamsController), Object(CakeRequest))
#12 /home/u197821641/domains/practiceboard.in/public_html/app/webroot/index.php(107): Dispatcher->dispatch(Object(CakeRequest), Object(CakeResponse))
#13 {main}
2024-07-13 19:04:47 Error: [PDOException] SQLSTATE[42000]: Syntax error or access violation: 1064 You have an error in your SQL syntax; check the manual that corresponds to your MariaDB server version for the right syntax to use near 'FROM `u197821641_edu`.`exam_stats` AS `ExamStat` Inner JOIN `u197821641_edu`....' at line 1
Request URL: /crm/Exams/start/153/1
Stack Trace:
#0 /home/u197821641/domains/practiceboard.in/public_html/lib/Cake/Model/Datasource/DboSource.php(470): PDOStatement->execute(Array)
#1 /home/u197821641/domains/practiceboard.in/public_html/lib/Cake/Model/Datasource/DboSource.php(436): DboSource->_execute('SELECT DISTINCT...', Array)
#2 /home/u197821641/domains/practiceboard.in/public_html/lib/Cake/Model/Datasource/DboSource.php(673): DboSource->execute('SELECT DISTINCT...', Array, Array)
#3 /home/u197821641/domains/practiceboard.in/public_html/lib/Cake/Model/Datasource/DboSource.php(1184): DboSource->fetchAll('SELECT DISTINCT...', Array)
#4 /home/u197821641/domains/practiceboard.in/public_html/lib/Cake/Model/Model.php(3038): DboSource->read(Object(AppModel), Array)
#5 /home/u197821641/domains/practiceboard.in/public_html/lib/Cake/Model/Model.php(3010): Model->_readDataSource('all', Array)
#6 /home/u197821641/domains/practiceboard.in/public_html/app/Model/Exam.php(1226): Model->find('all', Array)
#7 /home/u197821641/domains/practiceboard.in/public_html/app/Controller/ExamsController.php(454): Exam->userSectionSubject('153', 'Exam', '11')
#8 [internal function]: ExamsController->crm_start('153', '1')
#9 /home/u197821641/domains/practiceboard.in/public_html/lib/Cake/Controller/Controller.php(491): ReflectionMethod->invokeArgs(Object(ExamsController), Array)
#10 /home/u197821641/domains/practiceboard.in/public_html/lib/Cake/Routing/Dispatcher.php(193): Controller->invokeAction(Object(CakeRequest))
#11 /home/u197821641/domains/practiceboard.in/public_html/lib/Cake/Routing/Dispatcher.php(167): Dispatcher->_invoke(Object(ExamsController), Object(CakeRequest))
#12 /home/u197821641/domains/practiceboard.in/public_html/app/webroot/index.php(107): Dispatcher->dispatch(Object(CakeRequest), Object(CakeResponse))
#13 {main}
2024-07-13 19:04:51 Warning: Warning (2): preg_match(): Compilation failed: invalid range in character class at offset 4 in [/home/u197821641/domains/practiceboard.in/public_html/lib/Cake/Model/Datasource/DboSource.php, line 914]
Trace:
ErrorHandler::handleError() - CORE/Cake/Error/ErrorHandler.php, line 230
preg_match - [internal], line ??
DboSource::name() - CORE/Cake/Model/Datasource/DboSource.php, line 914
DboSource::_quoteMatchedField() - CORE/Cake/Model/Datasource/DboSource.php, line 2989
preg_replace_callback - [internal], line ??
DboSource::_quoteFields() - CORE/Cake/Model/Datasource/DboSource.php, line 2965
DboSource::_constructVirtualFields() - CORE/Cake/Model/Datasource/DboSource.php, line 2569
DboSource::fields() - CORE/Cake/Model/Datasource/DboSource.php, line 2686
DboSource::read() - CORE/Cake/Model/Datasource/DboSource.php, line 1129
Model::_readDataSource() - CORE/Cake/Model/Model.php, line 3038
Model::find() - CORE/Cake/Model/Model.php, line 3010
ExamsController::add() - APP/Plugin/Admin/Controller/ExamsController.php, line 57
ReflectionMethod::invokeArgs() - [internal], line ??
Controller::invokeAction() - CORE/Cake/Controller/Controller.php, line 491
Dispatcher::_invoke() - CORE/Cake/Routing/Dispatcher.php, line 193
Dispatcher::dispatch() - CORE/Cake/Routing/Dispatcher.php, line 167
[main] - APP/webroot/index.php, line 107

2024-07-13 19:08:06 Error: [PDOException] SQLSTATE[42000]: Syntax error or access violation: 1064 You have an error in your SQL syntax; check the manual that corresponds to your MariaDB server version for the right syntax to use near 'FROM `u197821641_edu`.`exam_stats` AS `ExamStat` Inner JOIN `u197821641_edu`....' at line 1
Request URL: /crm/Exams/start/153/1
Stack Trace:
#0 /home/u197821641/domains/practiceboard.in/public_html/lib/Cake/Model/Datasource/DboSource.php(470): PDOStatement->execute(Array)
#1 /home/u197821641/domains/practiceboard.in/public_html/lib/Cake/Model/Datasource/DboSource.php(436): DboSource->_execute('SELECT DISTINCT...', Array)
#2 /home/u197821641/domains/practiceboard.in/public_html/lib/Cake/Model/Datasource/DboSource.php(673): DboSource->execute('SELECT DISTINCT...', Array, Array)
#3 /home/u197821641/domains/practiceboard.in/public_html/lib/Cake/Model/Datasource/DboSource.php(1184): DboSource->fetchAll('SELECT DISTINCT...', Array)
#4 /home/u197821641/domains/practiceboard.in/public_html/lib/Cake/Model/Model.php(3038): DboSource->read(Object(AppModel), Array)
#5 /home/u197821641/domains/practiceboard.in/public_html/lib/Cake/Model/Model.php(3010): Model->_readDataSource('all', Array)
#6 /home/u197821641/domains/practiceboard.in/public_html/app/Model/Exam.php(1388): Model->find('all', Array)
#7 /home/u197821641/domains/practiceboard.in/public_html/app/Controller/ExamsController.php(454): Exam->userSectionSubject('153', 'Exam', '11')
#8 [internal function]: ExamsController->crm_start('153', '1')
#9 /home/u197821641/domains/practiceboard.in/public_html/lib/Cake/Controller/Controller.php(491): ReflectionMethod->invokeArgs(Object(ExamsController), Array)
#10 /home/u197821641/domains/practiceboard.in/public_html/lib/Cake/Routing/Dispatcher.php(193): Controller->invokeAction(Object(CakeRequest))
#11 /home/u197821641/domains/practiceboard.in/public_html/lib/Cake/Routing/Dispatcher.php(167): Dispatcher->_invoke(Object(ExamsController), Object(CakeRequest))
#12 /home/u197821641/domains/practiceboard.in/public_html/app/webroot/index.php(107): Dispatcher->dispatch(Object(CakeRequest), Object(CakeResponse))
#13 {main}
2024-07-13 19:08:52 Error: [PDOException] SQLSTATE[42000]: Syntax error or access violation: 1064 You have an error in your SQL syntax; check the manual that corresponds to your MariaDB server version for the right syntax to use near 'FROM `u197821641_edu`.`exam_stats` AS `ExamStat` Inner JOIN `u197821641_edu`....' at line 1
Request URL: /crm/Exams/start/153/1
Stack Trace:
#0 /home/u197821641/domains/practiceboard.in/public_html/lib/Cake/Model/Datasource/DboSource.php(470): PDOStatement->execute(Array)
#1 /home/u197821641/domains/practiceboard.in/public_html/lib/Cake/Model/Datasource/DboSource.php(436): DboSource->_execute('SELECT DISTINCT...', Array)
#2 /home/u197821641/domains/practiceboard.in/public_html/lib/Cake/Model/Datasource/DboSource.php(673): DboSource->execute('SELECT DISTINCT...', Array, Array)
#3 /home/u197821641/domains/practiceboard.in/public_html/lib/Cake/Model/Datasource/DboSource.php(1184): DboSource->fetchAll('SELECT DISTINCT...', Array)
#4 /home/u197821641/domains/practiceboard.in/public_html/lib/Cake/Model/Model.php(3038): DboSource->read(Object(AppModel), Array)
#5 /home/u197821641/domains/practiceboard.in/public_html/lib/Cake/Model/Model.php(3010): Model->_readDataSource('all', Array)
#6 /home/u197821641/domains/practiceboard.in/public_html/app/Model/Exam.php(1388): Model->find('all', Array)
#7 /home/u197821641/domains/practiceboard.in/public_html/app/Controller/ExamsController.php(454): Exam->userSectionSubject('153', 'Exam', '11')
#8 [internal function]: ExamsController->crm_start('153', '1')
#9 /home/u197821641/domains/practiceboard.in/public_html/lib/Cake/Controller/Controller.php(491): ReflectionMethod->invokeArgs(Object(ExamsController), Array)
#10 /home/u197821641/domains/practiceboard.in/public_html/lib/Cake/Routing/Dispatcher.php(193): Controller->invokeAction(Object(CakeRequest))
#11 /home/u197821641/domains/practiceboard.in/public_html/lib/Cake/Routing/Dispatcher.php(167): Dispatcher->_invoke(Object(ExamsController), Object(CakeRequest))
#12 /home/u197821641/domains/practiceboard.in/public_html/app/webroot/index.php(107): Dispatcher->dispatch(Object(CakeRequest), Object(CakeResponse))
#13 {main}
2024-07-13 19:09:32 Error: [PDOException] SQLSTATE[42000]: Syntax error or access violation: 1064 You have an error in your SQL syntax; check the manual that corresponds to your MariaDB server version for the right syntax to use near 'checkPostActive' at line 1
Request URL: /crm/Exams/start/153/1
Stack Trace:
#0 /home/u197821641/domains/practiceboard.in/public_html/lib/Cake/Model/Datasource/DboSource.php(470): PDOStatement->execute(Array)
#1 /home/u197821641/domains/practiceboard.in/public_html/lib/Cake/Model/Datasource/DboSource.php(436): DboSource->_execute('checkPostActive', Array)
#2 /home/u197821641/domains/practiceboard.in/public_html/lib/Cake/Model/Datasource/DboSource.php(673): DboSource->execute('checkPostActive', Array, Array)
#3 /home/u197821641/domains/practiceboard.in/public_html/lib/Cake/Model/Datasource/DboSource.php(616): DboSource->fetchAll('checkPostActive', Array, Array)
#4 /home/u197821641/domains/practiceboard.in/public_html/lib/Cake/Model/Model.php(834): DboSource->query('checkPostActive', Array, Object(Exam))
#5 /home/u197821641/domains/practiceboard.in/public_html/app/Controller/ExamsController.php(418): Model->__call('checkPostActive', Array)
#6 [internal function]: ExamsController->crm_start('153', '1')
#7 /home/u197821641/domains/practiceboard.in/public_html/lib/Cake/Controller/Controller.php(491): ReflectionMethod->invokeArgs(Object(ExamsController), Array)
#8 /home/u197821641/domains/practiceboard.in/public_html/lib/Cake/Routing/Dispatcher.php(193): Controller->invokeAction(Object(CakeRequest))
#9 /home/u197821641/domains/practiceboard.in/public_html/lib/Cake/Routing/Dispatcher.php(167): Dispatcher->_invoke(Object(ExamsController), Object(CakeRequest))
#10 /home/u197821641/domains/practiceboard.in/public_html/app/webroot/index.php(107): Dispatcher->dispatch(Object(CakeRequest), Object(CakeResponse))
#11 {main}
2024-07-13 19:10:40 Error: [PDOException] SQLSTATE[42000]: Syntax error or access violation: 1064 You have an error in your SQL syntax; check the manual that corresponds to your MariaDB server version for the right syntax to use near 'getSectionRemainingTime' at line 1
Request URL: /crm/Exams/startTime/153
Stack Trace:
#0 /home/u197821641/domains/practiceboard.in/public_html/lib/Cake/Model/Datasource/DboSource.php(470): PDOStatement->execute(Array)
#1 /home/u197821641/domains/practiceboard.in/public_html/lib/Cake/Model/Datasource/DboSource.php(436): DboSource->_execute('getSectionRemai...', Array)
#2 /home/u197821641/domains/practiceboard.in/public_html/lib/Cake/Model/Datasource/DboSource.php(673): DboSource->execute('getSectionRemai...', Array, Array)
#3 /home/u197821641/domains/practiceboard.in/public_html/lib/Cake/Model/Datasource/DboSource.php(616): DboSource->fetchAll('getSectionRemai...', Array, Array)
#4 /home/u197821641/domains/practiceboard.in/public_html/lib/Cake/Model/Model.php(834): DboSource->query('getSectionRemai...', Array, Object(Exam))
#5 /home/u197821641/domains/practiceboard.in/public_html/app/Controller/ExamsController.php(597): Model->__call('getSectionRemai...', Array)
#6 [internal function]: ExamsController->crm_startTime('153')
#7 /home/u197821641/domains/practiceboard.in/public_html/lib/Cake/Controller/Controller.php(491): ReflectionMethod->invokeArgs(Object(ExamsController), Array)
#8 /home/u197821641/domains/practiceboard.in/public_html/lib/Cake/Routing/Dispatcher.php(193): Controller->invokeAction(Object(CakeRequest))
#9 /home/u197821641/domains/practiceboard.in/public_html/lib/Cake/Routing/Dispatcher.php(167): Dispatcher->_invoke(Object(ExamsController), Object(CakeRequest))
#10 /home/u197821641/domains/practiceboard.in/public_html/app/webroot/index.php(107): Dispatcher->dispatch(Object(CakeRequest), Object(CakeResponse))
#11 {main}
2024-07-13 19:11:16 Error: [PDOException] SQLSTATE[42000]: Syntax error or access violation: 1064 You have an error in your SQL syntax; check the manual that corresponds to your MariaDB server version for the right syntax to use near 'checkPostActive' at line 1
Request URL: /crm/Exams/start/153
Stack Trace:
#0 /home/u197821641/domains/practiceboard.in/public_html/lib/Cake/Model/Datasource/DboSource.php(470): PDOStatement->execute(Array)
#1 /home/u197821641/domains/practiceboard.in/public_html/lib/Cake/Model/Datasource/DboSource.php(436): DboSource->_execute('checkPostActive', Array)
#2 /home/u197821641/domains/practiceboard.in/public_html/lib/Cake/Model/Datasource/DboSource.php(673): DboSource->execute('checkPostActive', Array, Array)
#3 /home/u197821641/domains/practiceboard.in/public_html/lib/Cake/Model/Datasource/DboSource.php(616): DboSource->fetchAll('checkPostActive', Array, Array)
#4 /home/u197821641/domains/practiceboard.in/public_html/lib/Cake/Model/Model.php(834): DboSource->query('checkPostActive', Array, Object(Exam))
#5 /home/u197821641/domains/practiceboard.in/public_html/app/Controller/ExamsController.php(418): Model->__call('checkPostActive', Array)
#6 [internal function]: ExamsController->crm_start('153')
#7 /home/u197821641/domains/practiceboard.in/public_html/lib/Cake/Controller/Controller.php(491): ReflectionMethod->invokeArgs(Object(ExamsController), Array)
#8 /home/u197821641/domains/practiceboard.in/public_html/lib/Cake/Routing/Dispatcher.php(193): Controller->invokeAction(Object(CakeRequest))
#9 /home/u197821641/domains/practiceboard.in/public_html/lib/Cake/Routing/Dispatcher.php(167): Dispatcher->_invoke(Object(ExamsController), Object(CakeRequest))
#10 /home/u197821641/domains/practiceboard.in/public_html/app/webroot/index.php(107): Dispatcher->dispatch(Object(CakeRequest), Object(CakeResponse))
#11 {main}
2024-07-13 19:11:40 Error: [PDOException] SQLSTATE[42000]: Syntax error or access violation: 1064 You have an error in your SQL syntax; check the manual that corresponds to your MariaDB server version for the right syntax to use near 'checkPostActive' at line 1
Request URL: /crm/Exams/start/153/1
Stack Trace:
#0 /home/u197821641/domains/practiceboard.in/public_html/lib/Cake/Model/Datasource/DboSource.php(470): PDOStatement->execute(Array)
#1 /home/u197821641/domains/practiceboard.in/public_html/lib/Cake/Model/Datasource/DboSource.php(436): DboSource->_execute('checkPostActive', Array)
#2 /home/u197821641/domains/practiceboard.in/public_html/lib/Cake/Model/Datasource/DboSource.php(673): DboSource->execute('checkPostActive', Array, Array)
#3 /home/u197821641/domains/practiceboard.in/public_html/lib/Cake/Model/Datasource/DboSource.php(616): DboSource->fetchAll('checkPostActive', Array, Array)
#4 /home/u197821641/domains/practiceboard.in/public_html/lib/Cake/Model/Model.php(834): DboSource->query('checkPostActive', Array, Object(Exam))
#5 /home/u197821641/domains/practiceboard.in/public_html/app/Controller/ExamsController.php(418): Model->__call('checkPostActive', Array)
#6 [internal function]: ExamsController->crm_start('153', '1')
#7 /home/u197821641/domains/practiceboard.in/public_html/lib/Cake/Controller/Controller.php(491): ReflectionMethod->invokeArgs(Object(ExamsController), Array)
#8 /home/u197821641/domains/practiceboard.in/public_html/lib/Cake/Routing/Dispatcher.php(193): Controller->invokeAction(Object(CakeRequest))
#9 /home/u197821641/domains/practiceboard.in/public_html/lib/Cake/Routing/Dispatcher.php(167): Dispatcher->_invoke(Object(ExamsController), Object(CakeRequest))
#10 /home/u197821641/domains/practiceboard.in/public_html/app/webroot/index.php(107): Dispatcher->dispatch(Object(CakeRequest), Object(CakeResponse))
#11 {main}
2024-07-13 19:12:54 Error: [PDOException] SQLSTATE[42000]: Syntax error or access violation: 1064 You have an error in your SQL syntax; check the manual that corresponds to your MariaDB server version for the right syntax to use near 'FROM `u197821641_edu`.`exam_stats` AS `ExamStat` Inner JOIN `u197821641_edu`....' at line 1
Request URL: /crm/Exams/start/153/1
Stack Trace:
#0 /home/u197821641/domains/practiceboard.in/public_html/lib/Cake/Model/Datasource/DboSource.php(470): PDOStatement->execute(Array)
#1 /home/u197821641/domains/practiceboard.in/public_html/lib/Cake/Model/Datasource/DboSource.php(436): DboSource->_execute('SELECT DISTINCT...', Array)
#2 /home/u197821641/domains/practiceboard.in/public_html/lib/Cake/Model/Datasource/DboSource.php(673): DboSource->execute('SELECT DISTINCT...', Array, Array)
#3 /home/u197821641/domains/practiceboard.in/public_html/lib/Cake/Model/Datasource/DboSource.php(1184): DboSource->fetchAll('SELECT DISTINCT...', Array)
#4 /home/u197821641/domains/practiceboard.in/public_html/lib/Cake/Model/Model.php(3038): DboSource->read(Object(AppModel), Array)
#5 /home/u197821641/domains/practiceboard.in/public_html/lib/Cake/Model/Model.php(3010): Model->_readDataSource('all', Array)
#6 /home/u197821641/domains/practiceboard.in/public_html/app/Model/Exam.php(1258): Model->find('all', Array)
#7 /home/u197821641/domains/practiceboard.in/public_html/app/Controller/ExamsController.php(527): Exam->userSectionSubject('153', 'Exam', '11')
#8 [internal function]: ExamsController->crm_start('153', '1')
#9 /home/u197821641/domains/practiceboard.in/public_html/lib/Cake/Controller/Controller.php(491): ReflectionMethod->invokeArgs(Object(ExamsController), Array)
#10 /home/u197821641/domains/practiceboard.in/public_html/lib/Cake/Routing/Dispatcher.php(193): Controller->invokeAction(Object(CakeRequest))
#11 /home/u197821641/domains/practiceboard.in/public_html/lib/Cake/Routing/Dispatcher.php(167): Dispatcher->_invoke(Object(ExamsController), Object(CakeRequest))
#12 /home/u197821641/domains/practiceboard.in/public_html/app/webroot/index.php(107): Dispatcher->dispatch(Object(CakeRequest), Object(CakeResponse))
#13 {main}
2024-07-13 19:13:45 Error: [PDOException] SQLSTATE[42000]: Syntax error or access violation: 1064 You have an error in your SQL syntax; check the manual that corresponds to your MariaDB server version for the right syntax to use near 'FROM `u197821641_edu`.`exam_stats` AS `ExamStat` Inner JOIN `u197821641_edu`....' at line 1
Request URL: /crm/Exams/start/153/1
Stack Trace:
#0 /home/u197821641/domains/practiceboard.in/public_html/lib/Cake/Model/Datasource/DboSource.php(470): PDOStatement->execute(Array)
#1 /home/u197821641/domains/practiceboard.in/public_html/lib/Cake/Model/Datasource/DboSource.php(436): DboSource->_execute('SELECT DISTINCT...', Array)
#2 /home/u197821641/domains/practiceboard.in/public_html/lib/Cake/Model/Datasource/DboSource.php(673): DboSource->execute('SELECT DISTINCT...', Array, Array)
#3 /home/u197821641/domains/practiceboard.in/public_html/lib/Cake/Model/Datasource/DboSource.php(1184): DboSource->fetchAll('SELECT DISTINCT...', Array)
#4 /home/u197821641/domains/practiceboard.in/public_html/lib/Cake/Model/Model.php(3038): DboSource->read(Object(AppModel), Array)
#5 /home/u197821641/domains/practiceboard.in/public_html/lib/Cake/Model/Model.php(3010): Model->_readDataSource('all', Array)
#6 /home/u197821641/domains/practiceboard.in/public_html/app/Model/Exam.php(1258): Model->find('all', Array)
#7 /home/u197821641/domains/practiceboard.in/public_html/app/Controller/ExamsController.php(527): Exam->userSectionSubject('153', 'Exam', '11')
#8 [internal function]: ExamsController->crm_start('153', '1')
#9 /home/u197821641/domains/practiceboard.in/public_html/lib/Cake/Controller/Controller.php(491): ReflectionMethod->invokeArgs(Object(ExamsController), Array)
#10 /home/u197821641/domains/practiceboard.in/public_html/lib/Cake/Routing/Dispatcher.php(193): Controller->invokeAction(Object(CakeRequest))
#11 /home/u197821641/domains/practiceboard.in/public_html/lib/Cake/Routing/Dispatcher.php(167): Dispatcher->_invoke(Object(ExamsController), Object(CakeRequest))
#12 /home/u197821641/domains/practiceboard.in/public_html/app/webroot/index.php(107): Dispatcher->dispatch(Object(CakeRequest), Object(CakeResponse))
#13 {main}
2024-07-13 13:43:51 Error: [MissingControllerException] Controller class Video-demo-freeController could not be found.
Exception Attributes: array (
  'class' => 'Video-demo-freeController',
  'plugin' => NULL,
)
Request URL: /video-demo-free
Stack Trace:
#0 /home/u197821641/domains/practiceboard.in/public_html/app/webroot/index.php(107): Dispatcher->dispatch(Object(CakeRequest), Object(CakeResponse))
#1 {main}
2024-07-13 19:15:41 Error: [PDOException] SQLSTATE[42000]: Syntax error or access violation: 1064 You have an error in your SQL syntax; check the manual that corresponds to your MariaDB server version for the right syntax to use near 'FROM `u197821641_edu`.`exam_stats` AS `ExamStat` Inner JOIN `u197821641_edu`....' at line 1
Request URL: /crm/Exams/start/153/1
Stack Trace:
#0 /home/u197821641/domains/practiceboard.in/public_html/lib/Cake/Model/Datasource/DboSource.php(470): PDOStatement->execute(Array)
#1 /home/u197821641/domains/practiceboard.in/public_html/lib/Cake/Model/Datasource/DboSource.php(436): DboSource->_execute('SELECT DISTINCT...', Array)
#2 /home/u197821641/domains/practiceboard.in/public_html/lib/Cake/Model/Datasource/DboSource.php(673): DboSource->execute('SELECT DISTINCT...', Array, Array)
#3 /home/u197821641/domains/practiceboard.in/public_html/lib/Cake/Model/Datasource/DboSource.php(1184): DboSource->fetchAll('SELECT DISTINCT...', Array)
#4 /home/u197821641/domains/practiceboard.in/public_html/lib/Cake/Model/Model.php(3038): DboSource->read(Object(AppModel), Array)
#5 /home/u197821641/domains/practiceboard.in/public_html/lib/Cake/Model/Model.php(3010): Model->_readDataSource('all', Array)
#6 /home/u197821641/domains/practiceboard.in/public_html/app/Model/Exam.php(1258): Model->find('all', Array)
#7 /home/u197821641/domains/practiceboard.in/public_html/app/Controller/ExamsController.php(454): Exam->userSectionSubject('153', 'Exam', '11')
#8 [internal function]: ExamsController->crm_start('153', '1')
#9 /home/u197821641/domains/practiceboard.in/public_html/lib/Cake/Controller/Controller.php(491): ReflectionMethod->invokeArgs(Object(ExamsController), Array)
#10 /home/u197821641/domains/practiceboard.in/public_html/lib/Cake/Routing/Dispatcher.php(193): Controller->invokeAction(Object(CakeRequest))
#11 /home/u197821641/domains/practiceboard.in/public_html/lib/Cake/Routing/Dispatcher.php(167): Dispatcher->_invoke(Object(ExamsController), Object(CakeRequest))
#12 /home/u197821641/domains/practiceboard.in/public_html/app/webroot/index.php(107): Dispatcher->dispatch(Object(CakeRequest), Object(CakeResponse))
#13 {main}
2024-07-13 19:16:45 Error: [PDOException] SQLSTATE[42000]: Syntax error or access violation: 1064 You have an error in your SQL syntax; check the manual that corresponds to your MariaDB server version for the right syntax to use near 'FROM `u197821641_edu`.`exam_stats` AS `ExamStat` Inner JOIN `u197821641_edu`....' at line 1
Request URL: /crm/Exams/start/153/1
Stack Trace:
#0 /home/u197821641/domains/practiceboard.in/public_html/lib/Cake/Model/Datasource/DboSource.php(470): PDOStatement->execute(Array)
#1 /home/u197821641/domains/practiceboard.in/public_html/lib/Cake/Model/Datasource/DboSource.php(436): DboSource->_execute('SELECT DISTINCT...', Array)
#2 /home/u197821641/domains/practiceboard.in/public_html/lib/Cake/Model/Datasource/DboSource.php(673): DboSource->execute('SELECT DISTINCT...', Array, Array)
#3 /home/u197821641/domains/practiceboard.in/public_html/lib/Cake/Model/Datasource/DboSource.php(1184): DboSource->fetchAll('SELECT DISTINCT...', Array)
#4 /home/u197821641/domains/practiceboard.in/public_html/lib/Cake/Model/Model.php(3038): DboSource->read(Object(AppModel), Array)
#5 /home/u197821641/domains/practiceboard.in/public_html/lib/Cake/Model/Model.php(3010): Model->_readDataSource('all', Array)
#6 /home/u197821641/domains/practiceboard.in/public_html/app/Model/Exam.php(1258): Model->find('all', Array)
#7 /home/u197821641/domains/practiceboard.in/public_html/app/Controller/ExamsController.php(454): Exam->userSectionSubject('153', 'Exam', '11')
#8 [internal function]: ExamsController->crm_start('153', '1')
#9 /home/u197821641/domains/practiceboard.in/public_html/lib/Cake/Controller/Controller.php(491): ReflectionMethod->invokeArgs(Object(ExamsController), Array)
#10 /home/u197821641/domains/practiceboard.in/public_html/lib/Cake/Routing/Dispatcher.php(193): Controller->invokeAction(Object(CakeRequest))
#11 /home/u197821641/domains/practiceboard.in/public_html/lib/Cake/Routing/Dispatcher.php(167): Dispatcher->_invoke(Object(ExamsController), Object(CakeRequest))
#12 /home/u197821641/domains/practiceboard.in/public_html/app/webroot/index.php(107): Dispatcher->dispatch(Object(CakeRequest), Object(CakeResponse))
#13 {main}
2024-07-13 13:48:40 Error: [MissingControllerException] Controller class Robots.txtController could not be found.
Exception Attributes: array (
  'class' => 'Robots.txtController',
  'plugin' => NULL,
)
Request URL: /robots.txt
Stack Trace:
#0 /home/u197821641/domains/practiceboard.in/public_html/app/webroot/index.php(107): Dispatcher->dispatch(Object(CakeRequest), Object(CakeResponse))
#1 {main}
2024-07-13 13:48:40 Error: Fatal Error (16): Exception thrown without a stack frame in [Unknown, line 0]
2024-07-13 13:48:40 Error: [InternalErrorException] Internal Server Error
Request URL: /robots.txt
Stack Trace:
#0 /home/u197821641/domains/practiceboard.in/public_html/lib/Cake/Error/ErrorHandler.php(212): ErrorHandler::handleFatalError(16, 'Exception throw...', 'Unknown', 0)
#1 /home/u197821641/domains/practiceboard.in/public_html/lib/Cake/Core/App.php(970): ErrorHandler::handleError(16, 'Exception throw...', 'Unknown', 0, Array)
#2 /home/u197821641/domains/practiceboard.in/public_html/lib/Cake/Core/App.php(943): App::_checkFatalError()
#3 [internal function]: App::shutdown()
#4 {main}
2024-07-13 19:18:50 Error: [PDOException] SQLSTATE[42000]: Syntax error or access violation: 1064 You have an error in your SQL syntax; check the manual that corresponds to your MariaDB server version for the right syntax to use near 'checkPostActive' at line 1
Request URL: /crm/Exams/start/153/1
Stack Trace:
#0 /home/u197821641/domains/practiceboard.in/public_html/lib/Cake/Model/Datasource/DboSource.php(470): PDOStatement->execute(Array)
#1 /home/u197821641/domains/practiceboard.in/public_html/lib/Cake/Model/Datasource/DboSource.php(436): DboSource->_execute('checkPostActive', Array)
#2 /home/u197821641/domains/practiceboard.in/public_html/lib/Cake/Model/Datasource/DboSource.php(673): DboSource->execute('checkPostActive', Array, Array)
#3 /home/u197821641/domains/practiceboard.in/public_html/lib/Cake/Model/Datasource/DboSource.php(616): DboSource->fetchAll('checkPostActive', Array, Array)
#4 /home/u197821641/domains/practiceboard.in/public_html/lib/Cake/Model/Model.php(834): DboSource->query('checkPostActive', Array, Object(Exam))
#5 /home/u197821641/domains/practiceboard.in/public_html/app/Controller/ExamsController.php(418): Model->__call('checkPostActive', Array)
#6 [internal function]: ExamsController->crm_start('153', '1')
#7 /home/u197821641/domains/practiceboard.in/public_html/lib/Cake/Controller/Controller.php(491): ReflectionMethod->invokeArgs(Object(ExamsController), Array)
#8 /home/u197821641/domains/practiceboard.in/public_html/lib/Cake/Routing/Dispatcher.php(193): Controller->invokeAction(Object(CakeRequest))
#9 /home/u197821641/domains/practiceboard.in/public_html/lib/Cake/Routing/Dispatcher.php(167): Dispatcher->_invoke(Object(ExamsController), Object(CakeRequest))
#10 /home/u197821641/domains/practiceboard.in/public_html/app/webroot/index.php(107): Dispatcher->dispatch(Object(CakeRequest), Object(CakeResponse))
#11 {main}
2024-07-13 13:48:53 Error: [MissingControllerException] Controller class WebController could not be found.
Exception Attributes: array (
  'class' => 'WebController',
  'plugin' => NULL,
)
Request URL: /web/Course/single_book_details?id=PlHvmk8bvAe8fczVtmIN9ml28Vuv5z4KT4tbcYqO4rJD9wTWBcsWsMim9wBtNEQ%2F%3AMDE2MTA4NjQxMDI3NDUxNQ%3D%3D
Stack Trace:
#0 /home/u197821641/domains/practiceboard.in/public_html/app/webroot/index.php(107): Dispatcher->dispatch(Object(CakeRequest), Object(CakeResponse))
#1 {main}
2024-07-13 19:19:07 Error: [PDOException] SQLSTATE[42000]: Syntax error or access violation: 1064 You have an error in your SQL syntax; check the manual that corresponds to your MariaDB server version for the right syntax to use near 'checkPostActive' at line 1
Request URL: /crm/Exams/start/100/1
Stack Trace:
#0 /home/u197821641/domains/practiceboard.in/public_html/lib/Cake/Model/Datasource/DboSource.php(470): PDOStatement->execute(Array)
#1 /home/u197821641/domains/practiceboard.in/public_html/lib/Cake/Model/Datasource/DboSource.php(436): DboSource->_execute('checkPostActive', Array)
#2 /home/u197821641/domains/practiceboard.in/public_html/lib/Cake/Model/Datasource/DboSource.php(673): DboSource->execute('checkPostActive', Array, Array)
#3 /home/u197821641/domains/practiceboard.in/public_html/lib/Cake/Model/Datasource/DboSource.php(616): DboSource->fetchAll('checkPostActive', Array, Array)
#4 /home/u197821641/domains/practiceboard.in/public_html/lib/Cake/Model/Model.php(834): DboSource->query('checkPostActive', Array, Object(Exam))
#5 /home/u197821641/domains/practiceboard.in/public_html/app/Controller/ExamsController.php(418): Model->__call('checkPostActive', Array)
#6 [internal function]: ExamsController->crm_start('100', '1')
#7 /home/u197821641/domains/practiceboard.in/public_html/lib/Cake/Controller/Controller.php(491): ReflectionMethod->invokeArgs(Object(ExamsController), Array)
#8 /home/u197821641/domains/practiceboard.in/public_html/lib/Cake/Routing/Dispatcher.php(193): Controller->invokeAction(Object(CakeRequest))
#9 /home/u197821641/domains/practiceboard.in/public_html/lib/Cake/Routing/Dispatcher.php(167): Dispatcher->_invoke(Object(ExamsController), Object(CakeRequest))
#10 /home/u197821641/domains/practiceboard.in/public_html/app/webroot/index.php(107): Dispatcher->dispatch(Object(CakeRequest), Object(CakeResponse))
#11 {main}
2024-07-13 19:19:38 Error: [PDOException] SQLSTATE[42000]: Syntax error or access violation: 1064 You have an error in your SQL syntax; check the manual that corresponds to your MariaDB server version for the right syntax to use near 'FROM `u197821641_edu`.`exam_stats` AS `ExamStat` Inner JOIN `u197821641_edu`....' at line 1
Request URL: /crm/Exams/start/100/1
Stack Trace:
#0 /home/u197821641/domains/practiceboard.in/public_html/lib/Cake/Model/Datasource/DboSource.php(470): PDOStatement->execute(Array)
#1 /home/u197821641/domains/practiceboard.in/public_html/lib/Cake/Model/Datasource/DboSource.php(436): DboSource->_execute('SELECT DISTINCT...', Array)
#2 /home/u197821641/domains/practiceboard.in/public_html/lib/Cake/Model/Datasource/DboSource.php(673): DboSource->execute('SELECT DISTINCT...', Array, Array)
#3 /home/u197821641/domains/practiceboard.in/public_html/lib/Cake/Model/Datasource/DboSource.php(1184): DboSource->fetchAll('SELECT DISTINCT...', Array)
#4 /home/u197821641/domains/practiceboard.in/public_html/lib/Cake/Model/Model.php(3038): DboSource->read(Object(AppModel), Array)
#5 /home/u197821641/domains/practiceboard.in/public_html/lib/Cake/Model/Model.php(3010): Model->_readDataSource('all', Array)
#6 /home/u197821641/domains/practiceboard.in/public_html/app/Model/Exam.php(1258): Model->find('all', Array)
#7 /home/u197821641/domains/practiceboard.in/public_html/app/Controller/ExamsController.php(454): Exam->userSectionSubject('100', 'Exam', '11')
#8 [internal function]: ExamsController->crm_start('100', '1')
#9 /home/u197821641/domains/practiceboard.in/public_html/lib/Cake/Controller/Controller.php(491): ReflectionMethod->invokeArgs(Object(ExamsController), Array)
#10 /home/u197821641/domains/practiceboard.in/public_html/lib/Cake/Routing/Dispatcher.php(193): Controller->invokeAction(Object(CakeRequest))
#11 /home/u197821641/domains/practiceboard.in/public_html/lib/Cake/Routing/Dispatcher.php(167): Dispatcher->_invoke(Object(ExamsController), Object(CakeRequest))
#12 /home/u197821641/domains/practiceboard.in/public_html/app/webroot/index.php(107): Dispatcher->dispatch(Object(CakeRequest), Object(CakeResponse))
#13 {main}
2024-07-13 19:23:38 Error: [PDOException] SQLSTATE[42000]: Syntax error or access violation: 1064 You have an error in your SQL syntax; check the manual that corresponds to your MariaDB server version for the right syntax to use near 'FROM `u197821641_edu`.`exam_stats` AS `ExamStat` Inner JOIN `u197821641_edu`....' at line 1
Request URL: /crm/Exams/start/100/1
Stack Trace:
#0 /home/u197821641/domains/practiceboard.in/public_html/lib/Cake/Model/Datasource/DboSource.php(470): PDOStatement->execute(Array)
#1 /home/u197821641/domains/practiceboard.in/public_html/lib/Cake/Model/Datasource/DboSource.php(436): DboSource->_execute('SELECT DISTINCT...', Array)
#2 /home/u197821641/domains/practiceboard.in/public_html/lib/Cake/Model/Datasource/DboSource.php(673): DboSource->execute('SELECT DISTINCT...', Array, Array)
#3 /home/u197821641/domains/practiceboard.in/public_html/lib/Cake/Model/Datasource/DboSource.php(1184): DboSource->fetchAll('SELECT DISTINCT...', Array)
#4 /home/u197821641/domains/practiceboard.in/public_html/lib/Cake/Model/Model.php(3038): DboSource->read(Object(AppModel), Array)
#5 /home/u197821641/domains/practiceboard.in/public_html/lib/Cake/Model/Model.php(3010): Model->_readDataSource('all', Array)
#6 /home/u197821641/domains/practiceboard.in/public_html/app/Model/Exam.php(1258): Model->find('all', Array)
#7 /home/u197821641/domains/practiceboard.in/public_html/app/Controller/ExamsController.php(454): Exam->userSectionSubject('100', 'Exam', '11')
#8 [internal function]: ExamsController->crm_start('100', '1')
#9 /home/u197821641/domains/practiceboard.in/public_html/lib/Cake/Controller/Controller.php(491): ReflectionMethod->invokeArgs(Object(ExamsController), Array)
#10 /home/u197821641/domains/practiceboard.in/public_html/lib/Cake/Routing/Dispatcher.php(193): Controller->invokeAction(Object(CakeRequest))
#11 /home/u197821641/domains/practiceboard.in/public_html/lib/Cake/Routing/Dispatcher.php(167): Dispatcher->_invoke(Object(ExamsController), Object(CakeRequest))
#12 /home/u197821641/domains/practiceboard.in/public_html/app/webroot/index.php(107): Dispatcher->dispatch(Object(CakeRequest), Object(CakeResponse))
#13 {main}
2024-07-13 13:56:34 Error: [Error] Class 'AdminAppController' not found
Request URL: /crm/Exams/instruction/100
Stack Trace:
#0 /home/u197821641/domains/practiceboard.in/public_html/lib/Cake/Core/App.php(547): include()
#1 [internal function]: App::load('ExamsController')
#2 [internal function]: spl_autoload_call('ExamsController')
#3 /home/u197821641/domains/practiceboard.in/public_html/lib/Cake/Routing/Dispatcher.php(266): class_exists('ExamsController')
#4 /home/u197821641/domains/practiceboard.in/public_html/lib/Cake/Routing/Dispatcher.php(235): Dispatcher->_loadController(Object(CakeRequest))
#5 /home/u197821641/domains/practiceboard.in/public_html/lib/Cake/Routing/Dispatcher.php(158): Dispatcher->_getController(Object(CakeRequest), Object(CakeResponse))
#6 /home/u197821641/domains/practiceboard.in/public_html/app/webroot/index.php(107): Dispatcher->dispatch(Object(CakeRequest), Object(CakeResponse))
#7 {main}
2024-07-13 13:56:46 Error: [Error] Class 'AdminAppController' not found
Request URL: /crm/Exams/view/31/today
Stack Trace:
#0 /home/u197821641/domains/practiceboard.in/public_html/lib/Cake/Core/App.php(547): include()
#1 [internal function]: App::load('ExamsController')
#2 [internal function]: spl_autoload_call('ExamsController')
#3 /home/u197821641/domains/practiceboard.in/public_html/lib/Cake/Routing/Dispatcher.php(266): class_exists('ExamsController')
#4 /home/u197821641/domains/practiceboard.in/public_html/lib/Cake/Routing/Dispatcher.php(235): Dispatcher->_loadController(Object(CakeRequest))
#5 /home/u197821641/domains/practiceboard.in/public_html/lib/Cake/Routing/Dispatcher.php(158): Dispatcher->_getController(Object(CakeRequest), Object(CakeResponse))
#6 /home/u197821641/domains/practiceboard.in/public_html/app/webroot/index.php(107): Dispatcher->dispatch(Object(CakeRequest), Object(CakeResponse))
#7 {main}
2024-07-13 13:56:50 Error: [Error] Class 'AdminAppController' not found
Request URL: /crm/Exams/instruction/153
Stack Trace:
#0 /home/u197821641/domains/practiceboard.in/public_html/lib/Cake/Core/App.php(547): include()
#1 [internal function]: App::load('ExamsController')
#2 [internal function]: spl_autoload_call('ExamsController')
#3 /home/u197821641/domains/practiceboard.in/public_html/lib/Cake/Routing/Dispatcher.php(266): class_exists('ExamsController')
#4 /home/u197821641/domains/practiceboard.in/public_html/lib/Cake/Routing/Dispatcher.php(235): Dispatcher->_loadController(Object(CakeRequest))
#5 /home/u197821641/domains/practiceboard.in/public_html/lib/Cake/Routing/Dispatcher.php(158): Dispatcher->_getController(Object(CakeRequest), Object(CakeResponse))
#6 /home/u197821641/domains/practiceboard.in/public_html/app/webroot/index.php(107): Dispatcher->dispatch(Object(CakeRequest), Object(CakeResponse))
#7 {main}
2024-07-13 13:57:25 Error: [Error] Class 'AdminAppController' not found
Request URL: /crm/Exams/instruction/31
Stack Trace:
#0 /home/u197821641/domains/practiceboard.in/public_html/lib/Cake/Core/App.php(547): include()
#1 [internal function]: App::load('ExamsController')
#2 [internal function]: spl_autoload_call('ExamsController')
#3 /home/u197821641/domains/practiceboard.in/public_html/lib/Cake/Routing/Dispatcher.php(266): class_exists('ExamsController')
#4 /home/u197821641/domains/practiceboard.in/public_html/lib/Cake/Routing/Dispatcher.php(235): Dispatcher->_loadController(Object(CakeRequest))
#5 /home/u197821641/domains/practiceboard.in/public_html/lib/Cake/Routing/Dispatcher.php(158): Dispatcher->_getController(Object(CakeRequest), Object(CakeResponse))
#6 /home/u197821641/domains/practiceboard.in/public_html/app/webroot/index.php(107): Dispatcher->dispatch(Object(CakeRequest), Object(CakeResponse))
#7 {main}
2024-07-13 13:57:37 Error: [Error] Class 'AdminAppController' not found
Request URL: /crm/Exams/free
Stack Trace:
#0 /home/u197821641/domains/practiceboard.in/public_html/lib/Cake/Core/App.php(547): include()
#1 [internal function]: App::load('ExamsController')
#2 [internal function]: spl_autoload_call('ExamsController')
#3 /home/u197821641/domains/practiceboard.in/public_html/lib/Cake/Routing/Dispatcher.php(266): class_exists('ExamsController')
#4 /home/u197821641/domains/practiceboard.in/public_html/lib/Cake/Routing/Dispatcher.php(235): Dispatcher->_loadController(Object(CakeRequest))
#5 /home/u197821641/domains/practiceboard.in/public_html/lib/Cake/Routing/Dispatcher.php(158): Dispatcher->_getController(Object(CakeRequest), Object(CakeResponse))
#6 /home/u197821641/domains/practiceboard.in/public_html/app/webroot/index.php(107): Dispatcher->dispatch(Object(CakeRequest), Object(CakeResponse))
#7 {main}
2024-07-13 13:57:51 Error: [Error] Class 'AdminAppController' not found
Request URL: /crm/Exams/free
Stack Trace:
#0 /home/u197821641/domains/practiceboard.in/public_html/lib/Cake/Core/App.php(547): include()
#1 [internal function]: App::load('ExamsController')
#2 [internal function]: spl_autoload_call('ExamsController')
#3 /home/u197821641/domains/practiceboard.in/public_html/lib/Cake/Routing/Dispatcher.php(266): class_exists('ExamsController')
#4 /home/u197821641/domains/practiceboard.in/public_html/lib/Cake/Routing/Dispatcher.php(235): Dispatcher->_loadController(Object(CakeRequest))
#5 /home/u197821641/domains/practiceboard.in/public_html/lib/Cake/Routing/Dispatcher.php(158): Dispatcher->_getController(Object(CakeRequest), Object(CakeResponse))
#6 /home/u197821641/domains/practiceboard.in/public_html/app/webroot/index.php(107): Dispatcher->dispatch(Object(CakeRequest), Object(CakeResponse))
#7 {main}
2024-07-13 13:58:16 Error: [Error] Class 'AdminAppController' not found
Request URL: /crm/Exams/free
Stack Trace:
#0 /home/u197821641/domains/practiceboard.in/public_html/lib/Cake/Core/App.php(547): include()
#1 [internal function]: App::load('ExamsController')
#2 [internal function]: spl_autoload_call('ExamsController')
#3 /home/u197821641/domains/practiceboard.in/public_html/lib/Cake/Routing/Dispatcher.php(266): class_exists('ExamsController')
#4 /home/u197821641/domains/practiceboard.in/public_html/lib/Cake/Routing/Dispatcher.php(235): Dispatcher->_loadController(Object(CakeRequest))
#5 /home/u197821641/domains/practiceboard.in/public_html/lib/Cake/Routing/Dispatcher.php(158): Dispatcher->_getController(Object(CakeRequest), Object(CakeResponse))
#6 /home/u197821641/domains/practiceboard.in/public_html/app/webroot/index.php(107): Dispatcher->dispatch(Object(CakeRequest), Object(CakeResponse))
#7 {main}
2024-07-13 13:59:03 Error: [Error] Class 'AdminAppController' not found
Request URL: /crm/Exams/free
Stack Trace:
#0 /home/u197821641/domains/practiceboard.in/public_html/lib/Cake/Core/App.php(547): include()
#1 [internal function]: App::load('ExamsController')
#2 [internal function]: spl_autoload_call('ExamsController')
#3 /home/u197821641/domains/practiceboard.in/public_html/lib/Cake/Routing/Dispatcher.php(266): class_exists('ExamsController')
#4 /home/u197821641/domains/practiceboard.in/public_html/lib/Cake/Routing/Dispatcher.php(235): Dispatcher->_loadController(Object(CakeRequest))
#5 /home/u197821641/domains/practiceboard.in/public_html/lib/Cake/Routing/Dispatcher.php(158): Dispatcher->_getController(Object(CakeRequest), Object(CakeResponse))
#6 /home/u197821641/domains/practiceboard.in/public_html/app/webroot/index.php(107): Dispatcher->dispatch(Object(CakeRequest), Object(CakeResponse))
#7 {main}
2024-07-13 14:00:53 Error: [Error] Class 'AdminAppController' not found
Request URL: /crm/Exams/free
Stack Trace:
#0 /home/u197821641/domains/practiceboard.in/public_html/lib/Cake/Core/App.php(547): include()
#1 [internal function]: App::load('ExamsController')
#2 [internal function]: spl_autoload_call('ExamsController')
#3 /home/u197821641/domains/practiceboard.in/public_html/lib/Cake/Routing/Dispatcher.php(266): class_exists('ExamsController')
#4 /home/u197821641/domains/practiceboard.in/public_html/lib/Cake/Routing/Dispatcher.php(235): Dispatcher->_loadController(Object(CakeRequest))
#5 /home/u197821641/domains/practiceboard.in/public_html/lib/Cake/Routing/Dispatcher.php(158): Dispatcher->_getController(Object(CakeRequest), Object(CakeResponse))
#6 /home/u197821641/domains/practiceboard.in/public_html/app/webroot/index.php(107): Dispatcher->dispatch(Object(CakeRequest), Object(CakeResponse))
#7 {main}
2024-07-13 19:38:29 Warning: Warning (2): preg_match(): Compilation failed: invalid range in character class at offset 4 in [/home/u197821641/domains/practiceboard.in/public_html/lib/Cake/Model/Datasource/DboSource.php, line 914]
Trace:
ErrorHandler::handleError() - CORE/Cake/Error/ErrorHandler.php, line 230
preg_match - [internal], line ??
DboSource::name() - CORE/Cake/Model/Datasource/DboSource.php, line 914
DboSource::name() - CORE/Cake/Model/Datasource/DboSource.php, line 903
DboSource::order() - CORE/Cake/Model/Datasource/DboSource.php, line 3082
DboSource::buildStatement() - CORE/Cake/Model/Datasource/DboSource.php, line 2011
DboSource::buildAssociationQuery() - CORE/Cake/Model/Datasource/DboSource.php, line 1727
DboSource::read() - CORE/Cake/Model/Datasource/DboSource.php, line 1182
Model::_readDataSource() - CORE/Cake/Model/Model.php, line 3038
Model::find() - CORE/Cake/Model/Model.php, line 3010
Exam::userQuestion() - APP/Model/Exam.php, line 479
Exam::userExamInsert() - APP/Model/Exam.php, line 578
ExamsController::crm_start() - APP/Controller/ExamsController.php, line 415
ReflectionMethod::invokeArgs() - [internal], line ??
Controller::invokeAction() - CORE/Cake/Controller/Controller.php, line 491
Dispatcher::_invoke() - CORE/Cake/Routing/Dispatcher.php, line 193
Dispatcher::dispatch() - CORE/Cake/Routing/Dispatcher.php, line 167
[main] - APP/webroot/index.php, line 107

2024-07-13 19:43:32 Warning: Warning (2): Invalid argument supplied for foreach() in [/home/u197821641/domains/practiceboard.in/public_html/app/View/Exams/crm_start.ctp, line 137]
Trace:
ErrorHandler::handleError() - CORE/Cake/Error/ErrorHandler.php, line 230
include - APP/View/Exams/crm_start.ctp, line 137
View::_evaluate() - CORE/Cake/View/View.php, line 971
View::_render() - CORE/Cake/View/View.php, line 933
View::render() - CORE/Cake/View/View.php, line 473
Controller::render() - CORE/Cake/Controller/Controller.php, line 963
Dispatcher::_invoke() - CORE/Cake/Routing/Dispatcher.php, line 200
Dispatcher::dispatch() - CORE/Cake/Routing/Dispatcher.php, line 167
[main] - APP/webroot/index.php, line 107

2024-07-13 19:43:32 Warning: Warning (2): Invalid argument supplied for foreach() in [/home/u197821641/domains/practiceboard.in/public_html/app/View/Exams/crm_start.ctp, line 505]
Trace:
ErrorHandler::handleError() - CORE/Cake/Error/ErrorHandler.php, line 230
include - APP/View/Exams/crm_start.ctp, line 505
View::_evaluate() - CORE/Cake/View/View.php, line 971
View::_render() - CORE/Cake/View/View.php, line 933
View::render() - CORE/Cake/View/View.php, line 473
Controller::render() - CORE/Cake/Controller/Controller.php, line 963
Dispatcher::_invoke() - CORE/Cake/Routing/Dispatcher.php, line 200
Dispatcher::dispatch() - CORE/Cake/Routing/Dispatcher.php, line 167
[main] - APP/webroot/index.php, line 107

2024-07-13 19:43:33 Error: [PDOException] SQLSTATE[23000]: Integrity constraint violation: 1452 Cannot add or update a child row: a foreign key constraint fails (`u197821641_edu`.`exam_results`, CONSTRAINT `exam_results_ibfk_1` FOREIGN KEY (`exam_id`) REFERENCES `exams` (`id`) ON DELETE CASCADE ON UPDATE CASCADE)
Request URL: /crm/Exams/startTime/165
Stack Trace:
#0 /home/u197821641/domains/practiceboard.in/public_html/lib/Cake/Model/Datasource/DboSource.php(470): PDOStatement->execute(Array)
#1 /home/u197821641/domains/practiceboard.in/public_html/lib/Cake/Model/Datasource/DboSource.php(436): DboSource->_execute('INSERT INTO `u1...', Array)
#2 /home/u197821641/domains/practiceboard.in/public_html/lib/Cake/Model/Datasource/DboSource.php(1090): DboSource->execute('INSERT INTO `u1...')
#3 /home/u197821641/domains/practiceboard.in/public_html/lib/Cake/Model/Model.php(1940): DboSource->create(Object(AppModel), Array, Array)
#4 /home/u197821641/domains/practiceboard.in/public_html/lib/Cake/Model/Model.php(1758): Model->_doSave(Array, Array)
#5 /home/u197821641/domains/practiceboard.in/public_html/app/Controller/ExamsController.php(602): Model->save(Array)
#6 [internal function]: ExamsController->crm_startTime('165')
#7 /home/u197821641/domains/practiceboard.in/public_html/lib/Cake/Controller/Controller.php(491): ReflectionMethod->invokeArgs(Object(ExamsController), Array)
#8 /home/u197821641/domains/practiceboard.in/public_html/lib/Cake/Routing/Dispatcher.php(193): Controller->invokeAction(Object(CakeRequest))
#9 /home/u197821641/domains/practiceboard.in/public_html/lib/Cake/Routing/Dispatcher.php(167): Dispatcher->_invoke(Object(ExamsController), Object(CakeRequest))
#10 /home/u197821641/domains/practiceboard.in/public_html/app/webroot/index.php(107): Dispatcher->dispatch(Object(CakeRequest), Object(CakeResponse))
#11 {main}
2024-07-13 19:43:36 Error: [ArgumentCountError] Too few arguments to function AjaxcontentsController::crm_examwarning(), 0 passed and exactly 1 expected
Request URL: /crm/Ajaxcontents/examwarning?_=1720880016576
Stack Trace:
#0 [internal function]: AjaxcontentsController->crm_examwarning()
#1 /home/u197821641/domains/practiceboard.in/public_html/lib/Cake/Controller/Controller.php(491): ReflectionMethod->invokeArgs(Object(AjaxcontentsController), Array)
#2 /home/u197821641/domains/practiceboard.in/public_html/lib/Cake/Routing/Dispatcher.php(193): Controller->invokeAction(Object(CakeRequest))
#3 /home/u197821641/domains/practiceboard.in/public_html/lib/Cake/Routing/Dispatcher.php(167): Dispatcher->_invoke(Object(AjaxcontentsController), Object(CakeRequest))
#4 /home/u197821641/domains/practiceboard.in/public_html/app/webroot/index.php(107): Dispatcher->dispatch(Object(CakeRequest), Object(CakeResponse))
#5 {main}
2024-07-13 14:14:35 Error: [MissingControllerException] Controller class Robots.txtController could not be found.
Exception Attributes: array (
  'class' => 'Robots.txtController',
  'plugin' => NULL,
)
Request URL: /robots.txt
Stack Trace:
#0 /home/u197821641/domains/practiceboard.in/public_html/app/webroot/index.php(107): Dispatcher->dispatch(Object(CakeRequest), Object(CakeResponse))
#1 {main}
2024-07-13 14:14:48 Error: [MissingControllerException] Controller class WebController could not be found.
Exception Attributes: array (
  'class' => 'WebController',
  'plugin' => NULL,
)
Request URL: /web/home/category_blogs?category=%E0%A4%B0%E0%A4%BE%E0%A4%B7%E0%A5%8D%E0%A4%9F%E0%A5%8D%E0%A4%B0%E0%A5%80%E0%A4%AF-%E0%A4%AC%E0%A4%BE%E0%A4%97%E0%A4%B5%E0%A4%BE%E0%A4%A8%E0%A5%80-%E0%A4%AE%E0%A5%87%E0%A4%B2%E0%A4%BE-2024
Stack Trace:
#0 /home/u197821641/domains/practiceboard.in/public_html/app/webroot/index.php(107): Dispatcher->dispatch(Object(CakeRequest), Object(CakeResponse))
#1 {main}
2024-07-13 14:21:08 Error: [MissingControllerException] Controller class WebController could not be found.
Exception Attributes: array (
  'class' => 'WebController',
  'plugin' => NULL,
)
Request URL: /web/Course/getTypeCourses/WyI1NjM3IiwiOTYzMSIsIjExdGgiXQ%3D%3D
Stack Trace:
#0 /home/u197821641/domains/practiceboard.in/public_html/app/webroot/index.php(107): Dispatcher->dispatch(Object(CakeRequest), Object(CakeResponse))
#1 {main}
2024-07-13 14:27:45 Error: [MissingControllerException] Controller class WebController could not be found.
Exception Attributes: array (
  'class' => 'WebController',
  'plugin' => NULL,
)
Request URL: /web/home/category_blogs?category=rise-in-cyber-crime-in-india
Stack Trace:
#0 /home/u197821641/domains/practiceboard.in/public_html/app/webroot/index.php(107): Dispatcher->dispatch(Object(CakeRequest), Object(CakeResponse))
#1 {main}
2024-07-13 14:29:51 Error: [MissingControllerException] Controller class WebController could not be found.
Exception Attributes: array (
  'class' => 'WebController',
  'plugin' => NULL,
)
Request URL: /web/Auth/mobile_otp_login
Stack Trace:
#0 /home/u197821641/domains/practiceboard.in/public_html/app/webroot/index.php(107): Dispatcher->dispatch(Object(CakeRequest), Object(CakeResponse))
#1 {main}
2024-07-13 14:36:43 Error: [MissingControllerException] Controller class WebController could not be found.
Exception Attributes: array (
  'class' => 'WebController',
  'plugin' => NULL,
)
Request URL: /web/Course/getTypeCourses/WyI1NjQ0IiwiOTYzOCIsIk5WUyBFeGFtIl0%3D
Stack Trace:
#0 /home/u197821641/domains/practiceboard.in/public_html/app/webroot/index.php(107): Dispatcher->dispatch(Object(CakeRequest), Object(CakeResponse))
#1 {main}
2024-07-13 20:10:42 Warning: Warning (2): Invalid argument supplied for foreach() in [/home/u197821641/domains/practiceboard.in/public_html/app/View/Exams/crm_start.ctp, line 137]
Trace:
ErrorHandler::handleError() - CORE/Cake/Error/ErrorHandler.php, line 230
include - APP/View/Exams/crm_start.ctp, line 137
View::_evaluate() - CORE/Cake/View/View.php, line 971
View::_render() - CORE/Cake/View/View.php, line 933
View::render() - CORE/Cake/View/View.php, line 473
Controller::render() - CORE/Cake/Controller/Controller.php, line 963
Dispatcher::_invoke() - CORE/Cake/Routing/Dispatcher.php, line 200
Dispatcher::dispatch() - CORE/Cake/Routing/Dispatcher.php, line 167
[main] - APP/webroot/index.php, line 107

2024-07-13 20:10:42 Warning: Warning (2): Invalid argument supplied for foreach() in [/home/u197821641/domains/practiceboard.in/public_html/app/View/Exams/crm_start.ctp, line 505]
Trace:
ErrorHandler::handleError() - CORE/Cake/Error/ErrorHandler.php, line 230
include - APP/View/Exams/crm_start.ctp, line 505
View::_evaluate() - CORE/Cake/View/View.php, line 971
View::_render() - CORE/Cake/View/View.php, line 933
View::render() - CORE/Cake/View/View.php, line 473
Controller::render() - CORE/Cake/Controller/Controller.php, line 963
Dispatcher::_invoke() - CORE/Cake/Routing/Dispatcher.php, line 200
Dispatcher::dispatch() - CORE/Cake/Routing/Dispatcher.php, line 167
[main] - APP/webroot/index.php, line 107

2024-07-13 20:10:42 Error: [PDOException] SQLSTATE[23000]: Integrity constraint violation: 1452 Cannot add or update a child row: a foreign key constraint fails (`u197821641_edu`.`exam_results`, CONSTRAINT `exam_results_ibfk_1` FOREIGN KEY (`exam_id`) REFERENCES `exams` (`id`) ON DELETE CASCADE ON UPDATE CASCADE)
Request URL: /crm/Exams/startTime/175
Stack Trace:
#0 /home/u197821641/domains/practiceboard.in/public_html/lib/Cake/Model/Datasource/DboSource.php(470): PDOStatement->execute(Array)
#1 /home/u197821641/domains/practiceboard.in/public_html/lib/Cake/Model/Datasource/DboSource.php(436): DboSource->_execute('INSERT INTO `u1...', Array)
#2 /home/u197821641/domains/practiceboard.in/public_html/lib/Cake/Model/Datasource/DboSource.php(1090): DboSource->execute('INSERT INTO `u1...')
#3 /home/u197821641/domains/practiceboard.in/public_html/lib/Cake/Model/Model.php(1940): DboSource->create(Object(AppModel), Array, Array)
#4 /home/u197821641/domains/practiceboard.in/public_html/lib/Cake/Model/Model.php(1758): Model->_doSave(Array, Array)
#5 /home/u197821641/domains/practiceboard.in/public_html/app/Controller/ExamsController.php(602): Model->save(Array)
#6 [internal function]: ExamsController->crm_startTime('175')
#7 /home/u197821641/domains/practiceboard.in/public_html/lib/Cake/Controller/Controller.php(491): ReflectionMethod->invokeArgs(Object(ExamsController), Array)
#8 /home/u197821641/domains/practiceboard.in/public_html/lib/Cake/Routing/Dispatcher.php(193): Controller->invokeAction(Object(CakeRequest))
#9 /home/u197821641/domains/practiceboard.in/public_html/lib/Cake/Routing/Dispatcher.php(167): Dispatcher->_invoke(Object(ExamsController), Object(CakeRequest))
#10 /home/u197821641/domains/practiceboard.in/public_html/app/webroot/index.php(107): Dispatcher->dispatch(Object(CakeRequest), Object(CakeResponse))
#11 {main}
2024-07-13 14:56:47 Error: [MissingControllerException] Controller class WebController could not be found.
Exception Attributes: array (
  'class' => 'WebController',
  'plugin' => NULL,
)
Request URL: /web/home/category_blogs?category=%E0%A4%AB%E0%A4%BC%E0%A5%8D%E0%A4%B0%E0%A4%BE%E0%A4%82%E0%A4%B8-%E0%A4%95%E0%A4%BE-%E0%A4%95%E0%A4%BE%E0%A4%A8%E0%A5%82%E0%A4%A8-%E0%A4%AB%E0%A4%BC%E0%A5%8D%E0%A4%B0%E0%A4%BE%E0%A4%82%E0%A4%B8-%E0%A4%AE%E0%A5%87%E0%A4%82-%E2%80%9C%E0%A4%AE%E0%A4%B0%E0%A4%A8%E0%A5%87-%E0%A4%AE%E0%A5%87%E0%A4%82-%E0%A4%B8%E0%A4%B9%E0%A4%BE%E0%A4%AF%E0%A4%A4%E0%A4%BE%E2%80%9D-%E0%A4%95%E0%A5%8B-%E0%A4%B5%E0%A5%88%E0%A4%A7-%E0%A4%AC%E0%A4%A8%E0%A4%BE%E0%A4%8F%E0%A4%97%E0%A4%BE
Stack Trace:
#0 /home/u197821641/domains/practiceboard.in/public_html/app/webroot/index.php(107): Dispatcher->dispatch(Object(CakeRequest), Object(CakeResponse))
#1 {main}
2024-07-13 21:28:39 Warning: Warning (2): Invalid argument supplied for foreach() in [/home/u197821641/domains/practiceboard.in/public_html/app/View/Exams/crm_start.ctp, line 117]
Trace:
ErrorHandler::handleError() - CORE/Cake/Error/ErrorHandler.php, line 230
include - APP/View/Exams/crm_start.ctp, line 117
View::_evaluate() - CORE/Cake/View/View.php, line 971
View::_render() - CORE/Cake/View/View.php, line 933
View::render() - CORE/Cake/View/View.php, line 473
Controller::render() - CORE/Cake/Controller/Controller.php, line 963
Dispatcher::_invoke() - CORE/Cake/Routing/Dispatcher.php, line 200
Dispatcher::dispatch() - CORE/Cake/Routing/Dispatcher.php, line 167
[main] - APP/webroot/index.php, line 107

2024-07-13 21:28:39 Warning: Warning (2): Invalid argument supplied for foreach() in [/home/u197821641/domains/practiceboard.in/public_html/app/View/Exams/crm_start.ctp, line 505]
Trace:
ErrorHandler::handleError() - CORE/Cake/Error/ErrorHandler.php, line 230
include - APP/View/Exams/crm_start.ctp, line 505
View::_evaluate() - CORE/Cake/View/View.php, line 971
View::_render() - CORE/Cake/View/View.php, line 933
View::render() - CORE/Cake/View/View.php, line 473
Controller::render() - CORE/Cake/Controller/Controller.php, line 963
Dispatcher::_invoke() - CORE/Cake/Routing/Dispatcher.php, line 200
Dispatcher::dispatch() - CORE/Cake/Routing/Dispatcher.php, line 167
[main] - APP/webroot/index.php, line 107

2024-07-13 21:28:40 Error: [PDOException] SQLSTATE[23000]: Integrity constraint violation: 1452 Cannot add or update a child row: a foreign key constraint fails (`u197821641_edu`.`exam_results`, CONSTRAINT `exam_results_ibfk_1` FOREIGN KEY (`exam_id`) REFERENCES `exams` (`id`) ON DELETE CASCADE ON UPDATE CASCADE)
Request URL: /crm/Exams/startTime/153
Stack Trace:
#0 /home/u197821641/domains/practiceboard.in/public_html/lib/Cake/Model/Datasource/DboSource.php(470): PDOStatement->execute(Array)
#1 /home/u197821641/domains/practiceboard.in/public_html/lib/Cake/Model/Datasource/DboSource.php(436): DboSource->_execute('INSERT INTO `u1...', Array)
#2 /home/u197821641/domains/practiceboard.in/public_html/lib/Cake/Model/Datasource/DboSource.php(1090): DboSource->execute('INSERT INTO `u1...')
#3 /home/u197821641/domains/practiceboard.in/public_html/lib/Cake/Model/Model.php(1940): DboSource->create(Object(AppModel), Array, Array)
#4 /home/u197821641/domains/practiceboard.in/public_html/lib/Cake/Model/Model.php(1758): Model->_doSave(Array, Array)
#5 /home/u197821641/domains/practiceboard.in/public_html/app/Controller/ExamsController.php(602): Model->save(Array)
#6 [internal function]: ExamsController->crm_startTime('153')
#7 /home/u197821641/domains/practiceboard.in/public_html/lib/Cake/Controller/Controller.php(491): ReflectionMethod->invokeArgs(Object(ExamsController), Array)
#8 /home/u197821641/domains/practiceboard.in/public_html/lib/Cake/Routing/Dispatcher.php(193): Controller->invokeAction(Object(CakeRequest))
#9 /home/u197821641/domains/practiceboard.in/public_html/lib/Cake/Routing/Dispatcher.php(167): Dispatcher->_invoke(Object(ExamsController), Object(CakeRequest))
#10 /home/u197821641/domains/practiceboard.in/public_html/app/webroot/index.php(107): Dispatcher->dispatch(Object(CakeRequest), Object(CakeResponse))
#11 {main}
2024-07-13 21:35:01 Warning: Warning (2): Invalid argument supplied for foreach() in [/home/u197821641/domains/practiceboard.in/public_html/app/View/Exams/crm_start.ctp, line 137]
Trace:
ErrorHandler::handleError() - CORE/Cake/Error/ErrorHandler.php, line 230
include - APP/View/Exams/crm_start.ctp, line 137
View::_evaluate() - CORE/Cake/View/View.php, line 971
View::_render() - CORE/Cake/View/View.php, line 933
View::render() - CORE/Cake/View/View.php, line 473
Controller::render() - CORE/Cake/Controller/Controller.php, line 963
Dispatcher::_invoke() - CORE/Cake/Routing/Dispatcher.php, line 200
Dispatcher::dispatch() - CORE/Cake/Routing/Dispatcher.php, line 167
[main] - APP/webroot/index.php, line 107

2024-07-13 21:35:01 Warning: Warning (2): Invalid argument supplied for foreach() in [/home/u197821641/domains/practiceboard.in/public_html/app/View/Exams/crm_start.ctp, line 505]
Trace:
ErrorHandler::handleError() - CORE/Cake/Error/ErrorHandler.php, line 230
include - APP/View/Exams/crm_start.ctp, line 505
View::_evaluate() - CORE/Cake/View/View.php, line 971
View::_render() - CORE/Cake/View/View.php, line 933
View::render() - CORE/Cake/View/View.php, line 473
Controller::render() - CORE/Cake/Controller/Controller.php, line 963
Dispatcher::_invoke() - CORE/Cake/Routing/Dispatcher.php, line 200
Dispatcher::dispatch() - CORE/Cake/Routing/Dispatcher.php, line 167
[main] - APP/webroot/index.php, line 107

2024-07-13 21:35:03 Error: [PDOException] SQLSTATE[23000]: Integrity constraint violation: 1452 Cannot add or update a child row: a foreign key constraint fails (`u197821641_edu`.`exam_results`, CONSTRAINT `exam_results_ibfk_1` FOREIGN KEY (`exam_id`) REFERENCES `exams` (`id`) ON DELETE CASCADE ON UPDATE CASCADE)
Request URL: /crm/Exams/startTime/165
Stack Trace:
#0 /home/u197821641/domains/practiceboard.in/public_html/lib/Cake/Model/Datasource/DboSource.php(470): PDOStatement->execute(Array)
#1 /home/u197821641/domains/practiceboard.in/public_html/lib/Cake/Model/Datasource/DboSource.php(436): DboSource->_execute('INSERT INTO `u1...', Array)
#2 /home/u197821641/domains/practiceboard.in/public_html/lib/Cake/Model/Datasource/DboSource.php(1090): DboSource->execute('INSERT INTO `u1...')
#3 /home/u197821641/domains/practiceboard.in/public_html/lib/Cake/Model/Model.php(1940): DboSource->create(Object(AppModel), Array, Array)
#4 /home/u197821641/domains/practiceboard.in/public_html/lib/Cake/Model/Model.php(1758): Model->_doSave(Array, Array)
#5 /home/u197821641/domains/practiceboard.in/public_html/app/Controller/ExamsController.php(602): Model->save(Array)
#6 [internal function]: ExamsController->crm_startTime('165')
#7 /home/u197821641/domains/practiceboard.in/public_html/lib/Cake/Controller/Controller.php(491): ReflectionMethod->invokeArgs(Object(ExamsController), Array)
#8 /home/u197821641/domains/practiceboard.in/public_html/lib/Cake/Routing/Dispatcher.php(193): Controller->invokeAction(Object(CakeRequest))
#9 /home/u197821641/domains/practiceboard.in/public_html/lib/Cake/Routing/Dispatcher.php(167): Dispatcher->_invoke(Object(ExamsController), Object(CakeRequest))
#10 /home/u197821641/domains/practiceboard.in/public_html/app/webroot/index.php(107): Dispatcher->dispatch(Object(CakeRequest), Object(CakeResponse))
#11 {main}
2024-07-13 21:35:16 Warning: Warning (2): Invalid argument supplied for foreach() in [/home/u197821641/domains/practiceboard.in/public_html/app/View/Exams/crm_start.ctp, line 137]
Trace:
ErrorHandler::handleError() - CORE/Cake/Error/ErrorHandler.php, line 230
include - APP/View/Exams/crm_start.ctp, line 137
View::_evaluate() - CORE/Cake/View/View.php, line 971
View::_render() - CORE/Cake/View/View.php, line 933
View::render() - CORE/Cake/View/View.php, line 473
Controller::render() - CORE/Cake/Controller/Controller.php, line 963
Dispatcher::_invoke() - CORE/Cake/Routing/Dispatcher.php, line 200
Dispatcher::dispatch() - CORE/Cake/Routing/Dispatcher.php, line 167
[main] - APP/webroot/index.php, line 107

2024-07-13 21:35:16 Warning: Warning (2): Invalid argument supplied for foreach() in [/home/u197821641/domains/practiceboard.in/public_html/app/View/Exams/crm_start.ctp, line 505]
Trace:
ErrorHandler::handleError() - CORE/Cake/Error/ErrorHandler.php, line 230
include - APP/View/Exams/crm_start.ctp, line 505
View::_evaluate() - CORE/Cake/View/View.php, line 971
View::_render() - CORE/Cake/View/View.php, line 933
View::render() - CORE/Cake/View/View.php, line 473
Controller::render() - CORE/Cake/Controller/Controller.php, line 963
Dispatcher::_invoke() - CORE/Cake/Routing/Dispatcher.php, line 200
Dispatcher::dispatch() - CORE/Cake/Routing/Dispatcher.php, line 167
[main] - APP/webroot/index.php, line 107

2024-07-13 21:35:17 Error: [PDOException] SQLSTATE[23000]: Integrity constraint violation: 1452 Cannot add or update a child row: a foreign key constraint fails (`u197821641_edu`.`exam_results`, CONSTRAINT `exam_results_ibfk_1` FOREIGN KEY (`exam_id`) REFERENCES `exams` (`id`) ON DELETE CASCADE ON UPDATE CASCADE)
Request URL: /crm/Exams/startTime/154
Stack Trace:
#0 /home/u197821641/domains/practiceboard.in/public_html/lib/Cake/Model/Datasource/DboSource.php(470): PDOStatement->execute(Array)
#1 /home/u197821641/domains/practiceboard.in/public_html/lib/Cake/Model/Datasource/DboSource.php(436): DboSource->_execute('INSERT INTO `u1...', Array)
#2 /home/u197821641/domains/practiceboard.in/public_html/lib/Cake/Model/Datasource/DboSource.php(1090): DboSource->execute('INSERT INTO `u1...')
#3 /home/u197821641/domains/practiceboard.in/public_html/lib/Cake/Model/Model.php(1940): DboSource->create(Object(AppModel), Array, Array)
#4 /home/u197821641/domains/practiceboard.in/public_html/lib/Cake/Model/Model.php(1758): Model->_doSave(Array, Array)
#5 /home/u197821641/domains/practiceboard.in/public_html/app/Controller/ExamsController.php(602): Model->save(Array)
#6 [internal function]: ExamsController->crm_startTime('154')
#7 /home/u197821641/domains/practiceboard.in/public_html/lib/Cake/Controller/Controller.php(491): ReflectionMethod->invokeArgs(Object(ExamsController), Array)
#8 /home/u197821641/domains/practiceboard.in/public_html/lib/Cake/Routing/Dispatcher.php(193): Controller->invokeAction(Object(CakeRequest))
#9 /home/u197821641/domains/practiceboard.in/public_html/lib/Cake/Routing/Dispatcher.php(167): Dispatcher->_invoke(Object(ExamsController), Object(CakeRequest))
#10 /home/u197821641/domains/practiceboard.in/public_html/app/webroot/index.php(107): Dispatcher->dispatch(Object(CakeRequest), Object(CakeResponse))
#11 {main}
2024-07-13 16:31:17 Error: [MissingControllerException] Controller class WebController could not be found.
Exception Attributes: array (
  'class' => 'WebController',
  'plugin' => NULL,
)
Request URL: /web/course/course_type_list/eyJjYXRlZ29yeV9pZCI6Ijk2MjciLCJjb3Vyc2VfdHlwZV9pZCI6IjU2NDYiLCJ0aXRsZSI6IlByZXZpb3VzIFllYXIgUXVlc3Rpb25zIn0%3D
Stack Trace:
#0 /home/u197821641/domains/practiceboard.in/public_html/app/webroot/index.php(107): Dispatcher->dispatch(Object(CakeRequest), Object(CakeResponse))
#1 {main}
2024-07-13 16:43:18 Error: [MissingControllerException] Controller class WebController could not be found.
Exception Attributes: array (
  'class' => 'WebController',
  'plugin' => NULL,
)
Request URL: /web/Course/getTypeCourses/WyIxMDgxIiwiMzU0NCIsIkUtQm9vayJd
Stack Trace:
#0 /home/u197821641/domains/practiceboard.in/public_html/app/webroot/index.php(107): Dispatcher->dispatch(Object(CakeRequest), Object(CakeResponse))
#1 {main}
2024-07-13 16:52:53 Error: [MissingControllerException] Controller class WebController could not be found.
Exception Attributes: array (
  'class' => 'WebController',
  'plugin' => NULL,
)
Request URL: /web/Auth/createpassword
Stack Trace:
#0 /home/u197821641/domains/practiceboard.in/public_html/app/webroot/index.php(107): Dispatcher->dispatch(Object(CakeRequest), Object(CakeResponse))
#1 {main}
2024-07-13 17:16:51 Error: [MissingControllerException] Controller class WebController could not be found.
Exception Attributes: array (
  'class' => 'WebController',
  'plugin' => NULL,
)
Request URL: /web/Auth/login
Stack Trace:
#0 /home/u197821641/domains/practiceboard.in/public_html/app/webroot/index.php(107): Dispatcher->dispatch(Object(CakeRequest), Object(CakeResponse))
#1 {main}
